# JRE version: OpenJDK Runtime Environment (11.0.12+7) (build 11.0.12+7-b1504.28-7817840)
# Java VM: OpenJDK 64-Bit Server VM (11.0.12+7-b1504.28-7817840, mixed mode, tiered, compressed oops, g1 gc, windows-amd64)
Heap:
 garbage-first heap   total 172032K, used 56106K [0x0000000080000000, 0x0000000100000000)
  region size 1024K, 10 young (10240K), 1 survivors (1024K)
 Metaspace       used 60161K, capacity 61656K, committed 61996K, reserved 1103872K
  class space    used 7673K, capacity 8229K, committed 8320K, reserved 1048576K
GC Heap History (20 events):
Event: 1.603 GC heap before
{Heap before GC invocations=2 (full 0):
 garbage-first heap   total 118784K, used 58035K [0x0000000080000000, 0x0000000100000000)
  region size 1024K, 48 young (49152K), 1 survivors (1024K)
 Metaspace       used 16717K, capacity 17178K, committed 17536K, reserved 1064960K
  class space    used 1937K, capacity 2068K, committed 2176K, reserved 1048576K
}
Event: 1.607 GC heap after
{Heap after GC invocations=3 (full 0):
 garbage-first heap   total 118784K, used 15939K [0x0000000080000000, 0x0000000100000000)
  region size 1024K, 6 young (6144K), 6 survivors (6144K)
 Metaspace       used 16717K, capacity 17178K, committed 17536K, reserved 1064960K
  class space    used 1937K, capacity 2068K, committed 2176K, reserved 1048576K
}
Event: 1.995 GC heap before
{Heap before GC invocations=3 (full 0):
 garbage-first heap   total 118784K, used 51779K [0x0000000080000000, 0x0000000100000000)
  region size 1024K, 42 young (43008K), 6 survivors (6144K)
 Metaspace       used 20643K, capacity 21085K, committed 21248K, reserved 1067008K
  class space    used 2545K, capacity 2712K, committed 2816K, reserved 1048576K
}
Event: 2.000 GC heap after
{Heap after GC invocations=4 (full 0):
 garbage-first heap   total 118784K, used 17760K [0x0000000080000000, 0x0000000100000000)
  region size 1024K, 2 young (2048K), 2 survivors (2048K)
 Metaspace       used 20643K, capacity 21085K, committed 21248K, reserved 1067008K
  class space    used 2545K, capacity 2712K, committed 2816K, reserved 1048576K
}
Event: 2.474 GC heap before
{Heap before GC invocations=5 (full 0):
 garbage-first heap   total 118784K, used 66912K [0x0000000080000000, 0x0000000100000000)
  region size 1024K, 50 young (51200K), 2 survivors (2048K)
 Metaspace       used 25741K, capacity 26369K, committed 26624K, reserved 1073152K
  class space    used 3334K, capacity 3521K, committed 3584K, reserved 1048576K
}
Event: 2.477 GC heap after
{Heap after GC invocations=6 (full 0):
 garbage-first heap   total 118784K, used 19382K [0x0000000080000000, 0x0000000100000000)
  region size 1024K, 4 young (4096K), 4 survivors (4096K)
 Metaspace       used 25741K, capacity 26369K, committed 26624K, reserved 1073152K
  class space    used 3334K, capacity 3521K, committed 3584K, reserved 1048576K
}
Event: 2.961 GC heap before
{Heap before GC invocations=6 (full 0):
 garbage-first heap   total 118784K, used 71606K [0x0000000080000000, 0x0000000100000000)
  region size 1024K, 55 young (56320K), 4 survivors (4096K)
 Metaspace       used 31084K, capacity 31828K, committed 32128K, reserved 1077248K
  class space    used 4164K, capacity 4411K, committed 4480K, reserved 1048576K
}
Event: 2.965 GC heap after
{Heap after GC invocations=7 (full 0):
 garbage-first heap   total 118784K, used 20944K [0x0000000080000000, 0x0000000100000000)
  region size 1024K, 5 young (5120K), 5 survivors (5120K)
 Metaspace       used 31084K, capacity 31828K, committed 32128K, reserved 1077248K
  class space    used 4164K, capacity 4411K, committed 4480K, reserved 1048576K
}
Event: 3.173 GC heap before
{Heap before GC invocations=7 (full 0):
 garbage-first heap   total 118784K, used 31184K [0x0000000080000000, 0x0000000100000000)
  region size 1024K, 16 young (16384K), 5 survivors (5120K)
 Metaspace       used 34908K, capacity 35662K, committed 35840K, reserved 1081344K
  class space    used 4534K, capacity 4839K, committed 4864K, reserved 1048576K
}
Event: 3.180 GC heap after
{Heap after GC invocations=8 (full 0):
 garbage-first heap   total 143360K, used 22928K [0x0000000080000000, 0x0000000100000000)
  region size 1024K, 6 young (6144K), 6 survivors (6144K)
 Metaspace       used 34908K, capacity 35662K, committed 35840K, reserved 1081344K
  class space    used 4534K, capacity 4839K, committed 4864K, reserved 1048576K
}
Event: 3.685 GC heap before
{Heap before GC invocations=9 (full 0):
 garbage-first heap   total 143360K, used 87440K [0x0000000080000000, 0x0000000100000000)
  region size 1024K, 67 young (68608K), 6 survivors (6144K)
 Metaspace       used 39821K, capacity 40718K, committed 40832K, reserved 1085440K
  class space    used 5107K, capacity 5433K, committed 5504K, reserved 1048576K
}
Event: 3.693 GC heap after
{Heap after GC invocations=10 (full 0):
 garbage-first heap   total 143360K, used 28153K [0x0000000080000000, 0x0000000100000000)
  region size 1024K, 9 young (9216K), 9 survivors (9216K)
 Metaspace       used 39821K, capacity 40718K, committed 40832K, reserved 1085440K
  class space    used 5107K, capacity 5433K, committed 5504K, reserved 1048576K
}
Event: 4.252 GC heap before
{Heap before GC invocations=10 (full 0):
 garbage-first heap   total 143360K, used 93689K [0x0000000080000000, 0x0000000100000000)
  region size 1024K, 72 young (73728K), 9 survivors (9216K)
 Metaspace       used 45210K, capacity 46327K, committed 46464K, reserved 1089536K
  class space    used 5828K, capacity 6207K, committed 6272K, reserved 1048576K
}
Event: 4.260 GC heap after
{Heap after GC invocations=11 (full 0):
 garbage-first heap   total 143360K, used 31036K [0x0000000080000000, 0x0000000100000000)
  region size 1024K, 4 young (4096K), 4 survivors (4096K)
 Metaspace       used 45210K, capacity 46327K, committed 46464K, reserved 1089536K
  class space    used 5828K, capacity 6207K, committed 6272K, reserved 1048576K
}
Event: 5.501 GC heap before
{Heap before GC invocations=11 (full 0):
 garbage-first heap   total 143360K, used 100668K [0x0000000080000000, 0x0000000100000000)
  region size 1024K, 71 young (72704K), 4 survivors (4096K)
 Metaspace       used 48532K, capacity 49856K, committed 49920K, reserved 1093632K
  class space    used 6212K, capacity 6634K, committed 6656K, reserved 1048576K
}
Event: 5.506 GC heap after
{Heap after GC invocations=12 (full 0):
 garbage-first heap   total 143360K, used 38522K [0x0000000080000000, 0x0000000100000000)
  region size 1024K, 9 young (9216K), 9 survivors (9216K)
 Metaspace       used 48532K, capacity 49856K, committed 49920K, reserved 1093632K
  class space    used 6212K, capacity 6634K, committed 6656K, reserved 1048576K
}
Event: 6.352 GC heap before
{Heap before GC invocations=12 (full 0):
 garbage-first heap   total 143360K, used 104058K [0x0000000080000000, 0x0000000100000000)
  region size 1024K, 72 young (73728K), 9 survivors (9216K)
 Metaspace       used 55976K, capacity 57448K, committed 57600K, reserved 1099776K
  class space    used 7139K, capacity 7639K, committed 7680K, reserved 1048576K
}
Event: 6.361 GC heap after
{Heap after GC invocations=13 (full 0):
 garbage-first heap   total 143360K, used 47394K [0x0000000080000000, 0x0000000100000000)
  region size 1024K, 7 young (7168K), 7 survivors (7168K)
 Metaspace       used 55976K, capacity 57448K, committed 57600K, reserved 1099776K
  class space    used 7139K, capacity 7639K, committed 7680K, reserved 1048576K
}
Event: 6.577 GC heap before
{Heap before GC invocations=13 (full 0):
 garbage-first heap   total 143360K, used 62754K [0x0000000080000000, 0x0000000100000000)
  region size 1024K, 23 young (23552K), 7 survivors (7168K)
 Metaspace       used 58312K, capacity 59821K, committed 59948K, reserved 1101824K
  class space    used 7441K, capacity 8000K, committed 8064K, reserved 1048576K
}
Event: 6.584 GC heap after
{Heap after GC invocations=14 (full 0):
 garbage-first heap   total 172032K, used 47914K [0x0000000080000000, 0x0000000100000000)
  region size 1024K, 1 young (1024K), 1 survivors (1024K)
 Metaspace       used 58312K, capacity 59821K, committed 59948K, reserved 1101824K
  class space    used 7441K, capacity 8000K, committed 8064K, reserved 1048576K
}

