# JRE version: OpenJDK Runtime Environment (11.0.12+7) (build 11.0.12+7-b1504.28-7817840)
# Java VM: OpenJDK 64-Bit Server VM (11.0.12+7-b1504.28-7817840, mixed mode, tiered, compressed oops, g1 gc, windows-amd64)
Heap:
 garbage-first heap   total 143360K, used 34501K [0x0000000080000000, 0x0000000100000000)
  region size 1024K, 10 young (10240K), 6 survivors (6144K)
 Metaspace       used 48191K, capacity 49490K, committed 49792K, reserved 1091584K
  class space    used 6203K, capacity 6666K, committed 6784K, reserved 1048576K
GC Heap History (20 events):
Event: 0.895 GC heap before
{Heap before GC invocations=0 (full 0):
 garbage-first heap   total 118784K, used 27648K [0x0000000080000000, 0x0000000100000000)
  region size 1024K, 22 young (22528K), 0 survivors (0K)
 Metaspace       used 9914K, capacity 10176K, committed 10368K, reserved 1058816K
  class space    used 1014K, capacity 1073K, committed 1152K, reserved 1048576K
}
Event: 0.900 GC heap after
{Heap after GC invocations=1 (full 0):
 garbage-first heap   total 118784K, used 9261K [0x0000000080000000, 0x0000000100000000)
  region size 1024K, 3 young (3072K), 3 survivors (3072K)
 Metaspace       used 9914K, capacity 10176K, committed 10368K, reserved 1058816K
  class space    used 1014K, capacity 1073K, committed 1152K, reserved 1048576K
}
Event: 1.134 GC heap before
{Heap before GC invocations=1 (full 0):
 garbage-first heap   total 118784K, used 27693K [0x0000000080000000, 0x0000000100000000)
  region size 1024K, 21 young (21504K), 3 survivors (3072K)
 Metaspace       used 11173K, capacity 11456K, committed 11520K, reserved 1058816K
  class space    used 1174K, capacity 1244K, committed 1280K, reserved 1048576K
}
Event: 1.137 GC heap after
{Heap after GC invocations=2 (full 0):
 garbage-first heap   total 118784K, used 9798K [0x0000000080000000, 0x0000000100000000)
  region size 1024K, 1 young (1024K), 1 survivors (1024K)
 Metaspace       used 11173K, capacity 11456K, committed 11520K, reserved 1058816K
  class space    used 1174K, capacity 1244K, committed 1280K, reserved 1048576K
}
Event: 2.113 GC heap before
{Heap before GC invocations=2 (full 0):
 garbage-first heap   total 118784K, used 57926K [0x0000000080000000, 0x0000000100000000)
  region size 1024K, 48 young (49152K), 1 survivors (1024K)
 Metaspace       used 16395K, capacity 16794K, committed 16896K, reserved 1064960K
  class space    used 1889K, capacity 2004K, committed 2048K, reserved 1048576K
}
Event: 2.120 GC heap after
{Heap after GC invocations=3 (full 0):
 garbage-first heap   total 118784K, used 15578K [0x0000000080000000, 0x0000000100000000)
  region size 1024K, 6 young (6144K), 6 survivors (6144K)
 Metaspace       used 16395K, capacity 16794K, committed 16896K, reserved 1064960K
  class space    used 1889K, capacity 2004K, committed 2048K, reserved 1048576K
}
Event: 2.466 GC heap before
{Heap before GC invocations=3 (full 0):
 garbage-first heap   total 118784K, used 53466K [0x0000000080000000, 0x0000000100000000)
  region size 1024K, 44 young (45056K), 6 survivors (6144K)
 Metaspace       used 20644K, capacity 21085K, committed 21248K, reserved 1067008K
  class space    used 2544K, capacity 2712K, committed 2816K, reserved 1048576K
}
Event: 2.472 GC heap after
{Heap after GC invocations=4 (full 0):
 garbage-first heap   total 118784K, used 17258K [0x0000000080000000, 0x0000000100000000)
  region size 1024K, 2 young (2048K), 2 survivors (2048K)
 Metaspace       used 20644K, capacity 21085K, committed 21248K, reserved 1067008K
  class space    used 2544K, capacity 2712K, committed 2816K, reserved 1048576K
}
Event: 2.946 GC heap before
{Heap before GC invocations=5 (full 0):
 garbage-first heap   total 118784K, used 66410K [0x0000000080000000, 0x0000000100000000)
  region size 1024K, 50 young (51200K), 2 survivors (2048K)
 Metaspace       used 25730K, capacity 26305K, committed 26368K, reserved 1073152K
  class space    used 3333K, capacity 3521K, committed 3584K, reserved 1048576K
}
Event: 2.949 GC heap after
{Heap after GC invocations=6 (full 0):
 garbage-first heap   total 118784K, used 18886K [0x0000000080000000, 0x0000000100000000)
  region size 1024K, 4 young (4096K), 4 survivors (4096K)
 Metaspace       used 25730K, capacity 26305K, committed 26368K, reserved 1073152K
  class space    used 3333K, capacity 3521K, committed 3584K, reserved 1048576K
}
Event: 3.486 GC heap before
{Heap before GC invocations=6 (full 0):
 garbage-first heap   total 118784K, used 71110K [0x0000000080000000, 0x0000000100000000)
  region size 1024K, 55 young (56320K), 4 survivors (4096K)
 Metaspace       used 31098K, capacity 31828K, committed 32128K, reserved 1077248K
  class space    used 4165K, capacity 4411K, committed 4480K, reserved 1048576K
}
Event: 3.490 GC heap after
{Heap after GC invocations=7 (full 0):
 garbage-first heap   total 118784K, used 20358K [0x0000000080000000, 0x0000000100000000)
  region size 1024K, 5 young (5120K), 5 survivors (5120K)
 Metaspace       used 31098K, capacity 31828K, committed 32128K, reserved 1077248K
  class space    used 4165K, capacity 4411K, committed 4480K, reserved 1048576K
}
Event: 3.713 GC heap before
{Heap before GC invocations=7 (full 0):
 garbage-first heap   total 118784K, used 30598K [0x0000000080000000, 0x0000000100000000)
  region size 1024K, 16 young (16384K), 5 survivors (5120K)
 Metaspace       used 34883K, capacity 35662K, committed 35840K, reserved 1081344K
  class space    used 4531K, capacity 4839K, committed 4864K, reserved 1048576K
}
Event: 3.721 GC heap after
{Heap after GC invocations=8 (full 0):
 garbage-first heap   total 118784K, used 22318K [0x0000000080000000, 0x0000000100000000)
  region size 1024K, 6 young (6144K), 6 survivors (6144K)
 Metaspace       used 34883K, capacity 35662K, committed 35840K, reserved 1081344K
  class space    used 4531K, capacity 4839K, committed 4864K, reserved 1048576K
}
Event: 4.458 GC heap before
{Heap before GC invocations=9 (full 0):
 garbage-first heap   total 118784K, used 73518K [0x0000000080000000, 0x0000000100000000)
  region size 1024K, 53 young (54272K), 6 survivors (6144K)
 Metaspace       used 39298K, capacity 40249K, committed 40576K, reserved 1085440K
  class space    used 5027K, capacity 5385K, committed 5504K, reserved 1048576K
}
Event: 4.467 GC heap after
{Heap after GC invocations=10 (full 0):
 garbage-first heap   total 143360K, used 26362K [0x0000000080000000, 0x0000000100000000)
  region size 1024K, 7 young (7168K), 7 survivors (7168K)
 Metaspace       used 39298K, capacity 40249K, committed 40576K, reserved 1085440K
  class space    used 5027K, capacity 5385K, committed 5504K, reserved 1048576K
}
Event: 5.233 GC heap before
{Heap before GC invocations=10 (full 0):
 garbage-first heap   total 143360K, used 88826K [0x0000000080000000, 0x0000000100000000)
  region size 1024K, 68 young (69632K), 7 survivors (7168K)
 Metaspace       used 44225K, capacity 45268K, committed 45568K, reserved 1089536K
  class space    used 5669K, capacity 6045K, committed 6144K, reserved 1048576K
}
Event: 5.246 GC heap after
{Heap after GC invocations=11 (full 0):
 garbage-first heap   total 143360K, used 29818K [0x0000000080000000, 0x0000000100000000)
  region size 1024K, 8 young (8192K), 8 survivors (8192K)
 Metaspace       used 44225K, capacity 45268K, committed 45568K, reserved 1089536K
  class space    used 5669K, capacity 6045K, committed 6144K, reserved 1048576K
}
Event: 6.117 GC heap before
{Heap before GC invocations=11 (full 0):
 garbage-first heap   total 143360K, used 93306K [0x0000000080000000, 0x0000000100000000)
  region size 1024K, 70 young (71680K), 8 survivors (8192K)
 Metaspace       used 48121K, capacity 49360K, committed 49536K, reserved 1091584K
  class space    used 6200K, capacity 6666K, committed 6784K, reserved 1048576K
}
Event: 6.125 GC heap after
{Heap after GC invocations=12 (full 0):
 garbage-first heap   total 143360K, used 32453K [0x0000000080000000, 0x0000000100000000)
  region size 1024K, 6 young (6144K), 6 survivors (6144K)
 Metaspace       used 48121K, capacity 49360K, committed 49536K, reserved 1091584K
  class space    used 6200K, capacity 6666K, committed 6784K, reserved 1048576K
}

